%!Adobe-FontList 1.13
%Locale:0x409

%BeginFont
Handler:DirectoryHandler
FontType:Invalid
OutlineFileName:E:\jaseem\websites\Bid&Hammer\website\html\Font\roboto-black-webfont.eot
FileModTime:1396602605
%EndFont

%BeginFont
Handler:DirectoryHandler
FontType:Invalid
OutlineFileName:E:\jaseem\websites\Bid&Hammer\website\html\Font\roboto-black-webfont.svg
FileModTime:1396602605
%EndFont

%BeginFont
Handler:DirectoryHandler
FontType:TrueType
FontName:Roboto-Black
FamilyName:Roboto
StyleName:Black
FullName:Roboto Black Regular
MenuName:Roboto Black
StyleBits:2
WritingScript:Roman
OutlineFileName:E:\jaseem\websites\Bid&Hammer\website\html\Font\roboto-black-webfont.ttf
DataFormat:sfntData
FileLength:44756
FileModTime:1396602605
WeightClass:900
WidthClass:5
AngleClass:0
%EndFont

%BeginFont
Handler:DirectoryHandler
FontType:Invalid
OutlineFileName:E:\jaseem\websites\Bid&Hammer\website\html\Font\roboto-black-webfont.woff
FileModTime:1396602605
%EndFont

%BeginFont
Handler:DirectoryHandler
FontType:Invalid
OutlineFileName:E:\jaseem\websites\Bid&Hammer\website\html\Font\roboto-blackitalic-webfont.eot
FileModTime:1396602605
%EndFont

%BeginFont
Handler:DirectoryHandler
FontType:Invalid
OutlineFileName:E:\jaseem\websites\Bid&Hammer\website\html\Font\roboto-blackitalic-webfont.svg
FileModTime:1396602605
%EndFont

%BeginFont
Handler:DirectoryHandler
FontType:TrueType
FontName:Roboto-BlackItalic
FamilyName:Roboto
StyleName:Black Italic
FullName:Roboto Black Italic
MenuName:Roboto Black
StyleBits:3
WritingScript:Roman
OutlineFileName:E:\jaseem\websites\Bid&Hammer\website\html\Font\roboto-blackitalic-webfont.ttf
DataFormat:sfntData
FileLength:51664
FileModTime:1396602605
WeightClass:900
WidthClass:5
AngleClass:1
%EndFont

%BeginFont
Handler:DirectoryHandler
FontType:Invalid
OutlineFileName:E:\jaseem\websites\Bid&Hammer\website\html\Font\roboto-blackitalic-webfont.woff
FileModTime:1396602605
%EndFont

%BeginFont
Handler:DirectoryHandler
FontType:Invalid
OutlineFileName:E:\jaseem\websites\Bid&Hammer\website\html\Font\roboto-bold-webfont.eot
FileModTime:1396602605
%EndFont

%BeginFont
Handler:DirectoryHandler
FontType:Invalid
OutlineFileName:E:\jaseem\websites\Bid&Hammer\website\html\Font\roboto-bold-webfont.svg
FileModTime:1396602605
%EndFont

%BeginFont
Handler:DirectoryHandler
FontType:TrueType
FontName:Roboto-Bold
FamilyName:Roboto
StyleName:Bold
FullName:Roboto Bold
MenuName:Roboto
StyleBits:2
WritingScript:Roman
OutlineFileName:E:\jaseem\websites\Bid&Hammer\website\html\Font\roboto-bold-webfont.ttf
DataFormat:sfntData
FileLength:45080
FileModTime:1396602605
WeightClass:700
WidthClass:5
AngleClass:0
%EndFont

%BeginFont
Handler:DirectoryHandler
FontType:Invalid
OutlineFileName:E:\jaseem\websites\Bid&Hammer\website\html\Font\roboto-bold-webfont.woff
FileModTime:1396602605
%EndFont

%BeginFont
Handler:DirectoryHandler
FontType:Invalid
OutlineFileName:E:\jaseem\websites\Bid&Hammer\website\html\Font\roboto-bolditalic-webfont.eot
FileModTime:1396602605
%EndFont

%BeginFont
Handler:DirectoryHandler
FontType:Invalid
OutlineFileName:E:\jaseem\websites\Bid&Hammer\website\html\Font\roboto-bolditalic-webfont.svg
FileModTime:1396602605
%EndFont

%BeginFont
Handler:DirectoryHandler
FontType:TrueType
FontName:Roboto-BoldItalic
FamilyName:Roboto
StyleName:Bold Italic
FullName:Roboto Bold Italic
MenuName:Roboto
StyleBits:3
WritingScript:Roman
OutlineFileName:E:\jaseem\websites\Bid&Hammer\website\html\Font\roboto-bolditalic-webfont.ttf
DataFormat:sfntData
FileLength:53520
FileModTime:1396602605
WeightClass:700
WidthClass:5
AngleClass:1
%EndFont

%BeginFont
Handler:DirectoryHandler
FontType:Invalid
OutlineFileName:E:\jaseem\websites\Bid&Hammer\website\html\Font\roboto-bolditalic-webfont.woff
FileModTime:1396602605
%EndFont

%BeginFont
Handler:DirectoryHandler
FontType:Invalid
OutlineFileName:E:\jaseem\websites\Bid&Hammer\website\html\Font\roboto-italic-webfont.eot
FileModTime:1396602605
%EndFont

%BeginFont
Handler:DirectoryHandler
FontType:Invalid
OutlineFileName:E:\jaseem\websites\Bid&Hammer\website\html\Font\roboto-italic-webfont.svg
FileModTime:1396602605
%EndFont

%BeginFont
Handler:DirectoryHandler
FontType:TrueType
FontName:Roboto-Italic
FamilyName:Roboto
StyleName:Italic
FullName:Roboto Italic
MenuName:Roboto
StyleBits:1
WritingScript:Roman
OutlineFileName:E:\jaseem\websites\Bid&Hammer\website\html\Font\roboto-italic-webfont.ttf
DataFormat:sfntData
FileLength:54212
FileModTime:1396602605
WeightClass:400
WidthClass:5
AngleClass:1
%EndFont

%BeginFont
Handler:DirectoryHandler
FontType:Invalid
OutlineFileName:E:\jaseem\websites\Bid&Hammer\website\html\Font\roboto-italic-webfont.woff
FileModTime:1396602605
%EndFont

%BeginFont
Handler:DirectoryHandler
FontType:Invalid
OutlineFileName:E:\jaseem\websites\Bid&Hammer\website\html\Font\roboto-light-webfont.eot
FileModTime:1396602605
%EndFont

%BeginFont
Handler:DirectoryHandler
FontType:Invalid
OutlineFileName:E:\jaseem\websites\Bid&Hammer\website\html\Font\roboto-light-webfont.svg
FileModTime:1396602605
%EndFont

%BeginFont
Handler:DirectoryHandler
FontType:TrueType
FontName:Roboto-Light
FamilyName:Roboto
StyleName:Light
FullName:Roboto Light Regular
MenuName:Roboto Light
StyleBits:0
WritingScript:Roman
OutlineFileName:E:\jaseem\websites\Bid&Hammer\website\html\Font\roboto-light-webfont.ttf
DataFormat:sfntData
FileLength:45984
FileModTime:1396602605
WeightClass:300
WidthClass:5
AngleClass:0
%EndFont

%BeginFont
Handler:DirectoryHandler
FontType:Invalid
OutlineFileName:E:\jaseem\websites\Bid&Hammer\website\html\Font\roboto-light-webfont.woff
FileModTime:1396602605
%EndFont

%BeginFont
Handler:DirectoryHandler
FontType:Invalid
OutlineFileName:E:\jaseem\websites\Bid&Hammer\website\html\Font\roboto-lightitalic-webfont.eot
FileModTime:1396602605
%EndFont

%BeginFont
Handler:DirectoryHandler
FontType:Invalid
OutlineFileName:E:\jaseem\websites\Bid&Hammer\website\html\Font\roboto-lightitalic-webfont.svg
FileModTime:1396602605
%EndFont

%BeginFont
Handler:DirectoryHandler
FontType:TrueType
FontName:Roboto-LightItalic
FamilyName:Roboto
StyleName:Light Italic
FullName:Roboto Light Italic
MenuName:Roboto Light
StyleBits:1
WritingScript:Roman
OutlineFileName:E:\jaseem\websites\Bid&Hammer\website\html\Font\roboto-lightitalic-webfont.ttf
DataFormat:sfntData
FileLength:56136
FileModTime:1396602605
WeightClass:300
WidthClass:5
AngleClass:1
%EndFont

%BeginFont
Handler:DirectoryHandler
FontType:Invalid
OutlineFileName:E:\jaseem\websites\Bid&Hammer\website\html\Font\roboto-lightitalic-webfont.woff
FileModTime:1396602605
%EndFont

%BeginFont
Handler:DirectoryHandler
FontType:Invalid
OutlineFileName:E:\jaseem\websites\Bid&Hammer\website\html\Font\roboto-medium-webfont.eot
FileModTime:1396602605
%EndFont

%BeginFont
Handler:DirectoryHandler
FontType:Invalid
OutlineFileName:E:\jaseem\websites\Bid&Hammer\website\html\Font\roboto-medium-webfont.svg
FileModTime:1396602605
%EndFont

%BeginFont
Handler:DirectoryHandler
FontType:TrueType
FontName:Roboto-Medium
FamilyName:Roboto
StyleName:Medium
FullName:Roboto Medium Regular
MenuName:Roboto Medium
StyleBits:0
WritingScript:Roman
OutlineFileName:E:\jaseem\websites\Bid&Hammer\website\html\Font\roboto-medium-webfont.ttf
DataFormat:sfntData
FileLength:45416
FileModTime:1396602605
WeightClass:500
WidthClass:5
AngleClass:0
%EndFont

%BeginFont
Handler:DirectoryHandler
FontType:Invalid
OutlineFileName:E:\jaseem\websites\Bid&Hammer\website\html\Font\roboto-medium-webfont.woff
FileModTime:1396602605
%EndFont

%BeginFont
Handler:DirectoryHandler
FontType:Invalid
OutlineFileName:E:\jaseem\websites\Bid&Hammer\website\html\Font\roboto-mediumitalic-webfont.eot
FileModTime:1396602605
%EndFont

%BeginFont
Handler:DirectoryHandler
FontType:Invalid
OutlineFileName:E:\jaseem\websites\Bid&Hammer\website\html\Font\roboto-mediumitalic-webfont.svg
FileModTime:1396602605
%EndFont

%BeginFont
Handler:DirectoryHandler
FontType:TrueType
FontName:Roboto-MediumItalic
FamilyName:Roboto
StyleName:Medium Italic
FullName:Roboto Medium Italic
MenuName:Roboto Medium
StyleBits:1
WritingScript:Roman
OutlineFileName:E:\jaseem\websites\Bid&Hammer\website\html\Font\roboto-mediumitalic-webfont.ttf
DataFormat:sfntData
FileLength:54020
FileModTime:1396602605
WeightClass:500
WidthClass:5
AngleClass:1
%EndFont

%BeginFont
Handler:DirectoryHandler
FontType:Invalid
OutlineFileName:E:\jaseem\websites\Bid&Hammer\website\html\Font\roboto-mediumitalic-webfont.woff
FileModTime:1396602605
%EndFont

%BeginFont
Handler:DirectoryHandler
FontType:Invalid
OutlineFileName:E:\jaseem\websites\Bid&Hammer\website\html\Font\roboto-regular-webfont.eot
FileModTime:1396602605
%EndFont

%BeginFont
Handler:DirectoryHandler
FontType:Invalid
OutlineFileName:E:\jaseem\websites\Bid&Hammer\website\html\Font\roboto-regular-webfont.svg
FileModTime:1396602605
%EndFont

%BeginFont
Handler:DirectoryHandler
FontType:TrueType
FontName:Roboto-Regular
FamilyName:Roboto
StyleName:Regular
FullName:Roboto Regular
MenuName:Roboto
StyleBits:0
WritingScript:Roman
OutlineFileName:E:\jaseem\websites\Bid&Hammer\website\html\Font\roboto-regular-webfont.ttf
DataFormat:sfntData
FileLength:45472
FileModTime:1396602605
WeightClass:400
WidthClass:5
AngleClass:0
%EndFont

%BeginFont
Handler:DirectoryHandler
FontType:Invalid
OutlineFileName:E:\jaseem\websites\Bid&Hammer\website\html\Font\roboto-regular-webfont.woff
FileModTime:1396602605
%EndFont

%BeginFont
Handler:DirectoryHandler
FontType:Invalid
OutlineFileName:E:\jaseem\websites\Bid&Hammer\website\html\Font\roboto-thin-webfont.eot
FileModTime:1396602606
%EndFont

%BeginFont
Handler:DirectoryHandler
FontType:Invalid
OutlineFileName:E:\jaseem\websites\Bid&Hammer\website\html\Font\roboto-thin-webfont.svg
FileModTime:1396602606
%EndFont

%BeginFont
Handler:DirectoryHandler
FontType:TrueType
FontName:Roboto-Thin
FamilyName:Roboto
StyleName:Thin
FullName:Roboto Thin Regular
MenuName:Roboto Thin
StyleBits:0
WritingScript:Roman
OutlineFileName:E:\jaseem\websites\Bid&Hammer\website\html\Font\roboto-thin-webfont.ttf
DataFormat:sfntData
FileLength:47796
FileModTime:1396602606
WeightClass:250
WidthClass:5
AngleClass:0
%EndFont

%BeginFont
Handler:DirectoryHandler
FontType:Invalid
OutlineFileName:E:\jaseem\websites\Bid&Hammer\website\html\Font\roboto-thin-webfont.woff
FileModTime:1396602606
%EndFont

%BeginFont
Handler:DirectoryHandler
FontType:Invalid
OutlineFileName:E:\jaseem\websites\Bid&Hammer\website\html\Font\roboto-thinitalic-webfont.eot
FileModTime:1396602606
%EndFont

%BeginFont
Handler:DirectoryHandler
FontType:Invalid
OutlineFileName:E:\jaseem\websites\Bid&Hammer\website\html\Font\roboto-thinitalic-webfont.svg
FileModTime:1396602606
%EndFont

%BeginFont
Handler:DirectoryHandler
FontType:TrueType
FontName:Roboto-ThinItalic
FamilyName:Roboto
StyleName:Thin Italic
FullName:Roboto Thin Italic
MenuName:Roboto Thin
StyleBits:1
WritingScript:Roman
OutlineFileName:E:\jaseem\websites\Bid&Hammer\website\html\Font\roboto-thinitalic-webfont.ttf
DataFormat:sfntData
FileLength:60788
FileModTime:1396602606
WeightClass:250
WidthClass:5
AngleClass:1
%EndFont

%BeginFont
Handler:DirectoryHandler
FontType:Invalid
OutlineFileName:E:\jaseem\websites\Bid&Hammer\website\html\Font\roboto-thinitalic-webfont.woff
FileModTime:1396602606
%EndFont

%BeginFont
Handler:DirectoryHandler
FontType:Invalid
OutlineFileName:E:\jaseem\websites\Bid&Hammer\website\html\Font\robotocondensed-bold-webfont.eot
FileModTime:1396602605
%EndFont

%BeginFont
Handler:DirectoryHandler
FontType:Invalid
OutlineFileName:E:\jaseem\websites\Bid&Hammer\website\html\Font\robotocondensed-bold-webfont.svg
FileModTime:1396602605
%EndFont

%BeginFont
Handler:DirectoryHandler
FontType:TrueType
FontName:RobotoCondensed-Bold
FamilyName:Roboto Condensed
StyleName:Bold
FullName:Roboto Condensed Bold
MenuName:Roboto Condensed
StyleBits:2
WritingScript:Roman
OutlineFileName:E:\jaseem\websites\Bid&Hammer\website\html\Font\robotocondensed-bold-webfont.ttf
DataFormat:sfntData
FileLength:45596
FileModTime:1396602605
WeightClass:700
WidthClass:3
AngleClass:0
%EndFont

%BeginFont
Handler:DirectoryHandler
FontType:Invalid
OutlineFileName:E:\jaseem\websites\Bid&Hammer\website\html\Font\robotocondensed-bold-webfont.woff
FileModTime:1396602605
%EndFont

%BeginFont
Handler:DirectoryHandler
FontType:Invalid
OutlineFileName:E:\jaseem\websites\Bid&Hammer\website\html\Font\robotocondensed-bolditalic-webfont.eot
FileModTime:1396602605
%EndFont

%BeginFont
Handler:DirectoryHandler
FontType:Invalid
OutlineFileName:E:\jaseem\websites\Bid&Hammer\website\html\Font\robotocondensed-bolditalic-webfont.svg
FileModTime:1396602605
%EndFont

%BeginFont
Handler:DirectoryHandler
FontType:TrueType
FontName:RobotoCondensed-BoldItalic
FamilyName:Roboto Condensed
StyleName:Bold Italic
FullName:Roboto Condensed Bold Italic
MenuName:Roboto Condensed
StyleBits:3
WritingScript:Roman
OutlineFileName:E:\jaseem\websites\Bid&Hammer\website\html\Font\robotocondensed-bolditalic-webfont.ttf
DataFormat:sfntData
FileLength:53852
FileModTime:1396602605
WeightClass:700
WidthClass:3
AngleClass:1
%EndFont

%BeginFont
Handler:DirectoryHandler
FontType:Invalid
OutlineFileName:E:\jaseem\websites\Bid&Hammer\website\html\Font\robotocondensed-bolditalic-webfont.woff
FileModTime:1396602605
%EndFont

%BeginFont
Handler:DirectoryHandler
FontType:Invalid
OutlineFileName:E:\jaseem\websites\Bid&Hammer\website\html\Font\robotocondensed-italic-webfont.eot
FileModTime:1396602605
%EndFont

%BeginFont
Handler:DirectoryHandler
FontType:Invalid
OutlineFileName:E:\jaseem\websites\Bid&Hammer\website\html\Font\robotocondensed-italic-webfont.svg
FileModTime:1396602605
%EndFont

%BeginFont
Handler:DirectoryHandler
FontType:TrueType
FontName:RobotoCondensed-Italic
FamilyName:Roboto Condensed
StyleName:Italic
FullName:Roboto Condensed Italic
MenuName:Roboto Condensed
StyleBits:1
WritingScript:Roman
OutlineFileName:E:\jaseem\websites\Bid&Hammer\website\html\Font\robotocondensed-italic-webfont.ttf
DataFormat:sfntData
FileLength:54684
FileModTime:1396602605
WeightClass:400
WidthClass:3
AngleClass:1
%EndFont

%BeginFont
Handler:DirectoryHandler
FontType:Invalid
OutlineFileName:E:\jaseem\websites\Bid&Hammer\website\html\Font\robotocondensed-italic-webfont.woff
FileModTime:1396602605
%EndFont

%BeginFont
Handler:DirectoryHandler
FontType:Invalid
OutlineFileName:E:\jaseem\websites\Bid&Hammer\website\html\Font\robotocondensed-light-webfont.eot
FileModTime:1396602605
%EndFont

%BeginFont
Handler:DirectoryHandler
FontType:Invalid
OutlineFileName:E:\jaseem\websites\Bid&Hammer\website\html\Font\robotocondensed-light-webfont.svg
FileModTime:1396602605
%EndFont

%BeginFont
Handler:DirectoryHandler
FontType:TrueType
FontName:RobotoCondensed-Light
FamilyName:Roboto Condensed
StyleName:Light
FullName:Roboto Condensed Light Regular
MenuName:Roboto Condensed Light
StyleBits:0
WritingScript:Roman
OutlineFileName:E:\jaseem\websites\Bid&Hammer\website\html\Font\robotocondensed-light-webfont.ttf
DataFormat:sfntData
FileLength:47284
FileModTime:1396602605
WeightClass:300
WidthClass:3
AngleClass:0
%EndFont

%BeginFont
Handler:DirectoryHandler
FontType:Invalid
OutlineFileName:E:\jaseem\websites\Bid&Hammer\website\html\Font\robotocondensed-light-webfont.woff
FileModTime:1396602605
%EndFont

%BeginFont
Handler:DirectoryHandler
FontType:Invalid
OutlineFileName:E:\jaseem\websites\Bid&Hammer\website\html\Font\robotocondensed-lightitalic-webfont.eot
FileModTime:1396602605
%EndFont

%BeginFont
Handler:DirectoryHandler
FontType:Invalid
OutlineFileName:E:\jaseem\websites\Bid&Hammer\website\html\Font\robotocondensed-lightitalic-webfont.svg
FileModTime:1396602605
%EndFont

%BeginFont
Handler:DirectoryHandler
FontType:TrueType
FontName:RobotoCondensed-LightItalic
FamilyName:Roboto Condensed
StyleName:Light Italic
FullName:Roboto Condensed Light Italic
MenuName:Roboto Condensed Light
StyleBits:1
WritingScript:Roman
OutlineFileName:E:\jaseem\websites\Bid&Hammer\website\html\Font\robotocondensed-lightitalic-webfont.ttf
DataFormat:sfntData
FileLength:56788
FileModTime:1396602605
WeightClass:300
WidthClass:3
AngleClass:1
%EndFont

%BeginFont
Handler:DirectoryHandler
FontType:Invalid
OutlineFileName:E:\jaseem\websites\Bid&Hammer\website\html\Font\robotocondensed-lightitalic-webfont.woff
FileModTime:1396602605
%EndFont

%BeginFont
Handler:DirectoryHandler
FontType:Invalid
OutlineFileName:E:\jaseem\websites\Bid&Hammer\website\html\Font\robotocondensed-regular-webfont.eot
FileModTime:1396602605
%EndFont

%BeginFont
Handler:DirectoryHandler
FontType:Invalid
OutlineFileName:E:\jaseem\websites\Bid&Hammer\website\html\Font\robotocondensed-regular-webfont.svg
FileModTime:1396602605
%EndFont

%BeginFont
Handler:DirectoryHandler
FontType:TrueType
FontName:RobotoCondensed-Regular
FamilyName:Roboto Condensed
StyleName:Regular
FullName:Roboto Condensed Regular
MenuName:Roboto Condensed
StyleBits:0
WritingScript:Roman
OutlineFileName:E:\jaseem\websites\Bid&Hammer\website\html\Font\robotocondensed-regular-webfont.ttf
DataFormat:sfntData
FileLength:45832
FileModTime:1396602605
WeightClass:400
WidthClass:3
AngleClass:0
%EndFont

%BeginFont
Handler:DirectoryHandler
FontType:Invalid
OutlineFileName:E:\jaseem\websites\Bid&Hammer\website\html\Font\robotocondensed-regular-webfont.woff
FileModTime:1396602605
%EndFont

%BeginFont
Handler:DirectoryHandler
FontType:Invalid
OutlineFileName:E:\jaseem\websites\Bid&Hammer\website\html\Font\stylesheet.css
FileModTime:1396602606
%EndFont

